
> component-craftsman@1.0.2 build-storybook
> storybook build --output-dir C:\Users\sanga\AppData\Local\Temp\chromatic--18524-1jJBrn0Upeea

@storybook/cli v7.6.17

info => Cleaning outputDir: C:\Users\sanga\AppData\Local\Temp\chromatic--18524-1jJBrn0Upeea
info => Loading presets
info => Building manager..
info => Manager built (151 ms)
info => Building preview..
info => Copying static files: E:\Projects\Web Project\package\node_modules\@storybook\manager\static at C:\Users\sanga\AppData\Local\Temp\chromatic--18524-1jJBrn0Upeea\sb-common-assets
[36mvite v4.5.2 [32mbuilding for production...[36m[39m

./sb-common-assets/fonts.css doesn't exist at build time, it will remain unchanged to be resolved at runtime
transforming...
node_modules/telejson/dist/index.mjs (1413:15) Use of eval in "node_modules/telejson/dist/index.mjs" is strongly discouraged as it poses security risks and may cause issues with minification.
node_modules/telejson/dist/index.mjs (1416:18) Use of eval in "node_modules/telejson/dist/index.mjs" is strongly discouraged as it poses security risks and may cause issues with minification.
[32m✓[39m 586 modules transformed.
rendering chunks...
computing gzip size...
[2mC:/Users/sanga/AppData/Local/Temp/chromatic--18524-1jJBrn0Upeea/[22m[32massets/youtube-9f26eb0b.svg                    [39m[1m[2m  0.72 kB[22m[1m[22m[2m │ gzip:   0.36 kB[22m
[2mC:/Users/sanga/AppData/Local/Temp/chromatic--18524-1jJBrn0Upeea/[22m[32massets/tutorials-adff6365.svg                  [39m[1m[2m  1.27 kB[22m[1m[22m[2m │ gzip:   0.63 kB[22m
[2mC:/Users/sanga/AppData/Local/Temp/chromatic--18524-1jJBrn0Upeea/[22m[32massets/discord-f7d1b78c.svg                    [39m[1m[2m  2.41 kB[22m[1m[22m[2m │ gzip:   1.15 kB[22m
[2mC:/Users/sanga/AppData/Local/Temp/chromatic--18524-1jJBrn0Upeea/[22m[32massets/github-cdfc3270.svg                     [39m[1m[2m  2.72 kB[22m[1m[22m[2m │ gzip:   1.28 kB[22m
[2mC:/Users/sanga/AppData/Local/Temp/chromatic--18524-1jJBrn0Upeea/[22m[32massets/context-c612d889.png                    [39m[1m[2m  6.12 kB[22m[1m[22m
[2mC:/Users/sanga/AppData/Local/Temp/chromatic--18524-1jJBrn0Upeea/[22m[32massets/styling-c83082e0.png                    [39m[1m[2m  7.24 kB[22m[1m[22m
[2mC:/Users/sanga/AppData/Local/Temp/chromatic--18524-1jJBrn0Upeea/[22m[32miframe.html                                    [39m[1m[2m 12.80 kB[22m[1m[22m[2m │ gzip:   3.59 kB[22m
[2mC:/Users/sanga/AppData/Local/Temp/chromatic--18524-1jJBrn0Upeea/[22m[32massets/docs-5b0c7100.png                       [39m[1m[2m 27.88 kB[22m[1m[22m
[2mC:/Users/sanga/AppData/Local/Temp/chromatic--18524-1jJBrn0Upeea/[22m[32massets/share-b59d6c77.png                      [39m[1m[2m 40.77 kB[22m[1m[22m
[2mC:/Users/sanga/AppData/Local/Temp/chromatic--18524-1jJBrn0Upeea/[22m[32massets/accessibility-cd6d60f7.png              [39m[1m[2m 42.34 kB[22m[1m[22m
[2mC:/Users/sanga/AppData/Local/Temp/chromatic--18524-1jJBrn0Upeea/[22m[32massets/figma-plugin-b0a5ad2d.png               [39m[1m[2m 44.25 kB[22m[1m[22m
[2mC:/Users/sanga/AppData/Local/Temp/chromatic--18524-1jJBrn0Upeea/[22m[32massets/theming-b6e819c3.png                    [39m[1m[2m 44.37 kB[22m[1m[22m
[2mC:/Users/sanga/AppData/Local/Temp/chromatic--18524-1jJBrn0Upeea/[22m[32massets/testing-6a59f681.png                    [39m[1m[2m 49.31 kB[22m[1m[22m
[2mC:/Users/sanga/AppData/Local/Temp/chromatic--18524-1jJBrn0Upeea/[22m[32massets/addon-library-bc7ba705.png              [39m[1m[2m467.37 kB[22m[1m[22m
[2mC:/Users/sanga/AppData/Local/Temp/chromatic--18524-1jJBrn0Upeea/[22m[35massets/Header-a6911580.css                     [39m[1m[2m  0.51 kB[22m[1m[22m[2m │ gzip:   0.31 kB[22m
[2mC:/Users/sanga/AppData/Local/Temp/chromatic--18524-1jJBrn0Upeea/[22m[35massets/BasicButton-a6a2cd9f.css                [39m[1m[2m  0.55 kB[22m[1m[22m[2m │ gzip:   0.30 kB[22m
[2mC:/Users/sanga/AppData/Local/Temp/chromatic--18524-1jJBrn0Upeea/[22m[35massets/Page.stories-ece1482a.css               [39m[1m[2m  0.93 kB[22m[1m[22m[2m │ gzip:   0.39 kB[22m
[2mC:/Users/sanga/AppData/Local/Temp/chromatic--18524-1jJBrn0Upeea/[22m[36massets/preview-ba2273f4.js                     [39m[1m[2m  0.15 kB[22m[1m[22m[2m │ gzip:   0.15 kB[22m
[2mC:/Users/sanga/AppData/Local/Temp/chromatic--18524-1jJBrn0Upeea/[22m[36massets/index-9eea8125.js                       [39m[1m[2m  0.21 kB[22m[1m[22m[2m │ gzip:   0.17 kB[22m
[2mC:/Users/sanga/AppData/Local/Temp/chromatic--18524-1jJBrn0Upeea/[22m[36massets/WithTooltip-V3YHNWJZ-d72345b4.js        [39m[1m[2m  0.36 kB[22m[1m[22m[2m │ gzip:   0.21 kB[22m
[2mC:/Users/sanga/AppData/Local/Temp/chromatic--18524-1jJBrn0Upeea/[22m[36massets/syntaxhighlighter-B5GMVT5T-1b83dcf2.js  [39m[1m[2m  0.38 kB[22m[1m[22m[2m │ gzip:   0.23 kB[22m
[2mC:/Users/sanga/AppData/Local/Temp/chromatic--18524-1jJBrn0Upeea/[22m[36massets/index-a1cf9e47.js                       [39m[1m[2m  0.49 kB[22m[1m[22m[2m │ gzip:   0.31 kB[22m
[2mC:/Users/sanga/AppData/Local/Temp/chromatic--18524-1jJBrn0Upeea/[22m[36massets/preview-af8f9944.js                     [39m[1m[2m  0.50 kB[22m[1m[22m[2m │ gzip:   0.30 kB[22m
[2mC:/Users/sanga/AppData/Local/Temp/chromatic--18524-1jJBrn0Upeea/[22m[36massets/react-18-988a5df2.js                    [39m[1m[2m  0.55 kB[22m[1m[22m[2m │ gzip:   0.34 kB[22m
[2mC:/Users/sanga/AppData/Local/Temp/chromatic--18524-1jJBrn0Upeea/[22m[36massets/preview-73104b77.js                     [39m[1m[2m  0.64 kB[22m[1m[22m[2m │ gzip:   0.44 kB[22m
[2mC:/Users/sanga/AppData/Local/Temp/chromatic--18524-1jJBrn0Upeea/[22m[36massets/_commonjsHelpers-de833af9.js            [39m[1m[2m  0.69 kB[22m[1m[22m[2m │ gzip:   0.38 kB[22m
[2mC:/Users/sanga/AppData/Local/Temp/chromatic--18524-1jJBrn0Upeea/[22m[36massets/index-356e4a49.js                       [39m[1m[2m  0.77 kB[22m[1m[22m[2m │ gzip:   0.47 kB[22m
[2mC:/Users/sanga/AppData/Local/Temp/chromatic--18524-1jJBrn0Upeea/[22m[36massets/index-8d47fad6.js                       [39m[1m[2m  0.80 kB[22m[1m[22m[2m │ gzip:   0.52 kB[22m
[2mC:/Users/sanga/AppData/Local/Temp/chromatic--18524-1jJBrn0Upeea/[22m[36massets/preview-0ef86afd.js                     [39m[1m[2m  0.86 kB[22m[1m[22m[2m │ gzip:   0.55 kB[22m
[2mC:/Users/sanga/AppData/Local/Temp/chromatic--18524-1jJBrn0Upeea/[22m[36massets/Header.stories-61f32374.js              [39m[1m[2m  0.87 kB[22m[1m[22m[2m │ gzip:   0.45 kB[22m
[2mC:/Users/sanga/AppData/Local/Temp/chromatic--18524-1jJBrn0Upeea/[22m[36massets/jsx-runtime-29545a09.js                 [39m[1m[2m  0.97 kB[22m[1m[22m[2m │ gzip:   0.60 kB[22m
[2mC:/Users/sanga/AppData/Local/Temp/chromatic--18524-1jJBrn0Upeea/[22m[36massets/entry-preview-1f5c28fc.js               [39m[1m[2m  1.15 kB[22m[1m[22m[2m │ gzip:   0.67 kB[22m
[2mC:/Users/sanga/AppData/Local/Temp/chromatic--18524-1jJBrn0Upeea/[22m[36massets/DocsRenderer-NNNQARDV-f4afdf20.js       [39m[1m[2m  1.25 kB[22m[1m[22m[2m │ gzip:   0.66 kB[22m
[2mC:/Users/sanga/AppData/Local/Temp/chromatic--18524-1jJBrn0Upeea/[22m[36massets/BasicButton-b6f00ad5.js                 [39m[1m[2m  1.42 kB[22m[1m[22m[2m │ gzip:   0.65 kB[22m
[2mC:/Users/sanga/AppData/Local/Temp/chromatic--18524-1jJBrn0Upeea/[22m[36massets/Header-7fd8e70f.js                      [39m[1m[2m  1.66 kB[22m[1m[22m[2m │ gzip:   0.80 kB[22m
[2mC:/Users/sanga/AppData/Local/Temp/chromatic--18524-1jJBrn0Upeea/[22m[36massets/BasicButton.stories-8553bd9c.js         [39m[1m[2m  2.16 kB[22m[1m[22m[2m │ gzip:   0.70 kB[22m
[2mC:/Users/sanga/AppData/Local/Temp/chromatic--18524-1jJBrn0Upeea/[22m[36massets/index-11d98b33.js                       [39m[1m[2m  2.59 kB[22m[1m[22m[2m │ gzip:   1.26 kB[22m
[2mC:/Users/sanga/AppData/Local/Temp/chromatic--18524-1jJBrn0Upeea/[22m[36massets/preview-30b54f76.js                     [39m[1m[2m  3.21 kB[22m[1m[22m[2m │ gzip:   1.37 kB[22m
[2mC:/Users/sanga/AppData/Local/Temp/chromatic--18524-1jJBrn0Upeea/[22m[36massets/iframe-81c9229c.js                      [39m[1m[2m  4.99 kB[22m[1m[22m[2m │ gzip:   1.71 kB[22m
[2mC:/Users/sanga/AppData/Local/Temp/chromatic--18524-1jJBrn0Upeea/[22m[36massets/preview-d01b88e8.js                     [39m[1m[2m  5.23 kB[22m[1m[22m[2m │ gzip:   2.39 kB[22m
[2mC:/Users/sanga/AppData/Local/Temp/chromatic--18524-1jJBrn0Upeea/[22m[36massets/index-76fb7be0.js                       [39m[1m[2m  7.16 kB[22m[1m[22m[2m │ gzip:   2.91 kB[22m
[2mC:/Users/sanga/AppData/Local/Temp/chromatic--18524-1jJBrn0Upeea/[22m[36massets/preview-da31036b.js                     [39m[1m[2m  7.62 kB[22m[1m[22m[2m │ gzip:   1.56 kB[22m
[2mC:/Users/sanga/AppData/Local/Temp/chromatic--18524-1jJBrn0Upeea/[22m[36massets/preview-c56bf6ac.js                     [39m[1m[2m  8.28 kB[22m[1m[22m[2m │ gzip:   3.16 kB[22m
[2mC:/Users/sanga/AppData/Local/Temp/chromatic--18524-1jJBrn0Upeea/[22m[36massets/Configure-50554383.js                   [39m[1m[2m 16.94 kB[22m[1m[22m[2m │ gzip:   7.69 kB[22m
[2mC:/Users/sanga/AppData/Local/Temp/chromatic--18524-1jJBrn0Upeea/[22m[36massets/Color-6VNJS4EI-2e50da88.js              [39m[1m[2m 30.98 kB[22m[1m[22m[2m │ gzip:  11.60 kB[22m
[2mC:/Users/sanga/AppData/Local/Temp/chromatic--18524-1jJBrn0Upeea/[22m[36massets/preview-2d30111f.js                     [39m[1m[2m 72.16 kB[22m[1m[22m[2m │ gzip:  24.38 kB[22m
[2mC:/Users/sanga/AppData/Local/Temp/chromatic--18524-1jJBrn0Upeea/[22m[36massets/index-8fd8397b.js                       [39m[1m[2m 78.40 kB[22m[1m[22m[2m │ gzip:  23.41 kB[22m
[2mC:/Users/sanga/AppData/Local/Temp/chromatic--18524-1jJBrn0Upeea/[22m[36massets/index-d3ea75b5.js                       [39m[1m[2m134.07 kB[22m[1m[22m[2m │ gzip:  43.20 kB[22m
[2mC:/Users/sanga/AppData/Local/Temp/chromatic--18524-1jJBrn0Upeea/[22m[36massets/entry-preview-docs-ffa139cb.js          [39m[1m[2m212.42 kB[22m[1m[22m[2m │ gzip:  65.85 kB[22m
[2mC:/Users/sanga/AppData/Local/Temp/chromatic--18524-1jJBrn0Upeea/[22m[36massets/index-c2d6ea84.js                       [39m[1m[33m539.49 kB[39m[22m[2m │ gzip: 175.39 kB[22m
[2mC:/Users/sanga/AppData/Local/Temp/chromatic--18524-1jJBrn0Upeea/[22m[36massets/Page.stories-d0480054.js                [39m[1m[33m564.11 kB[39m[22m[2m │ gzip: 149.31 kB[22m
[2mC:/Users/sanga/AppData/Local/Temp/chromatic--18524-1jJBrn0Upeea/[22m[36massets/formatter-SWP5E3XI-bf359155.js          [39m[1m[33m601.56 kB[39m[22m[2m │ gzip: 184.98 kB[22m
[33m
(!) Some chunks are larger than 500 kBs after minification. Consider:
- Using dynamic import() to code-split the application
- Use build.rollupOptions.output.manualChunks to improve chunking: https://rollupjs.org/configuration-options/#output-manualchunks
- Adjust chunk size limit for this warning via build.chunkSizeWarningLimit.[39m
[32m✓ built in 7.44s[39m
info => Preview built (8.5 s)
info => Output directory: C:\Users\sanga\AppData\Local\Temp\chromatic--18524-1jJBrn0Upeea
